0 0.0001465505712731101 0.0001318019244043171 2314.4233894348145
1 0.00014280639259413875 0.00011980366309744568 2315.9510123729706
2 0.00014626232781665748 0.00011955676344987296 2315.1998698711395
3 0.00013995575525405 0.00012235915834371553 2316.881816625595
4 0.00013977385191356006 0.00012414756201251293 2315.8802976608276
5 0.00013858271329627314 0.00012734745318830393 2315.1804959774017
6 0.00013718893829536683 0.00012411854838464934 2314.9145691394806
7 0.00013917453268004465 0.00013197646750249986 2315.3639822006226
8 0.0001356682490240928 0.00012397761223528506 2314.7624037265778
9 0.00013512705696484774 0.00011952497816291724 2312.878731250763
10 0.00013186266982302187 0.00012847050527634566 2313.991852760315
11 0.00013181545007500973 0.00013365180520922876 2314.7927482128143
12 0.0001314647982508177 0.0002951013372028683 2314.045315504074
13 0.0001327122105685703 0.0001936324430786044 2314.379252433777
14 0.00013048928013813566 0.0001220535645410564 2316.524641275406
15 0.00012939258414007782 0.00012703012169822613 2321.4588425159454
16 0.00012714189944745157 0.00011450985498377122 2322.995544910431
17 0.0001267055306780094 0.00012100588568628154 2323.1568126678467
18 0.00012599203183708596 0.00011566399804978573 2319.594629049301
19 0.0001258341221819137 0.00012075625565812516 2324.0171658992767
20 0.00012795027498759736 0.00011574544557151967 2325.281116962433
21 0.000124216333437289 0.00012604966002272705 2325.815370798111
22 0.0001259526736866974 0.00011786540038592648 2326.2583742141724
23 0.00012496043581813865 0.00012287545153485553 2327.0365240573883
24 0.00012523055367819324 0.0001234462788372184 2327.311376810074
25 0.00012125265432405285 0.0001272534085532243 2327.460260629654
26 0.00012016610443242826 0.00016062964861666843 2326.7814514636993
27 0.00011977893690891505 0.00011638588465648354 2325.144083738327
28 0.00011854937359021278 0.00010626819383978727 2324.015983104706
29 0.00012170048407097055 0.00010639956398845243 2323.0681903362274
30 0.00012189251380732457 0.00011706343227415346 2322.311520576477
31 0.00011839833953854396 0.0001849809099236154 2320.9986894130707
32 0.0001251135171878559 0.00011501741695537931 2322.092937707901
33 0.00011724770021100994 0.00010250165919296706 2321.204581260681
34 0.00011895171973083052 0.00013573925283781135 2321.0818994045258
35 0.00011701572649508308 0.00011157838512008312 2320.2631509304047
36 0.00011548482169928321 0.00012883353021716175 2316.103456735611
37 0.00011627559550470323 0.0001132005175921222 2321.9583687782288
38 0.00011507032039571641 9.7605606552861e-05 2322.155671596527
39 0.00011342529945704882 0.00026339676229945327 2320.8528525829315
0 0.00019635015368376943 0.00018272959608690474 7.042139053344727
1 0.00019513017005837438 0.00018709089106943628 6.978334903717041
